<?xml version="1.0" encoding="UTF-8"?>
<testng-results skipped="0" failed="0" total="1" passed="1">
  <reporter-output>
  </reporter-output>
  <suite name="First Suite" duration-ms="21" started-at="2017-04-14T06:29:26Z" finished-at="2017-04-14T06:29:26Z">
    <groups>
      <group name="unit">
        <method signature="UnitTests.demotest()[pri:0, instance:com.shafali.Tests.UnitTests@2c8d66b2]" name="demotest" class="com.shafali.Tests.UnitTests"/>
      </group> <!-- unit -->
    </groups>
    <test name="First test" duration-ms="21" started-at="2017-04-14T06:29:26Z" finished-at="2017-04-14T06:29:26Z">
      <class name="com.shafali.Tests.UnitTests">
        <test-method status="PASS" signature="demotest()[pri:0, instance:com.shafali.Tests.UnitTests@2c8d66b2]" name="demotest" duration-ms="11" started-at="2017-04-14T11:59:26Z" finished-at="2017-04-14T11:59:26Z">
          <reporter-output>
          </reporter-output>
        </test-method> <!-- demotest -->
      </class> <!-- com.shafali.Tests.UnitTests -->
    </test> <!-- First test -->
  </suite> <!-- First Suite -->
</testng-results>
