<?xml version="1.0" encoding="UTF-8"?>
<testng-results skipped="0" failed="0" ignored="0" total="1" passed="1">
  <reporter-output>
  </reporter-output>
  <suite name="Default suite" duration-ms="136" started-at="2017-04-13T17:37:15Z" finished-at="2017-04-13T17:37:15Z">
    <groups>
      <group name="unit">
        <method signature="UnitTests.demotest()[pri:0, instance:com.shafali.Tests.UnitTests@5056dfcb]" name="demotest" class="com.shafali.Tests.UnitTests"/>
      </group> <!-- unit -->
    </groups>
    <test name="Default test" duration-ms="136" started-at="2017-04-13T17:37:15Z" finished-at="2017-04-13T17:37:15Z">
      <class name="com.shafali.Tests.UnitTests">
        <test-method status="PASS" signature="demotest()[pri:0, instance:com.shafali.Tests.UnitTests@5056dfcb]" name="demotest" duration-ms="60" started-at="2017-04-13T23:07:15Z" finished-at="2017-04-13T23:07:15Z">
          <reporter-output>
          </reporter-output>
        </test-method> <!-- demotest -->
      </class> <!-- com.shafali.Tests.UnitTests -->
    </test> <!-- Default test -->
  </suite> <!-- Default suite -->
</testng-results>
